<?xml version="1.0" encoding="UTF-8"?>
<testsuite name="com.coldboar.coreguard.TamperEvaluatorTest" tests="16" skipped="0" failures="0" errors="0" timestamp="2026-07-20T23:49:30" hostname="cursor" time="0.014">
  <properties/>
  <testcase name="Memory integrity PASS when text intact" classname="com.coldboar.coreguard.TamperEvaluatorTest" time="0.001"/>
  <testcase name="Native debugger PASS when guard active and no tracer" classname="com.coldboar.coreguard.TamperEvaluatorTest" time="0.0"/>
  <testcase name="Memory integrity WARN when baseline missing" classname="com.coldboar.coreguard.TamperEvaluatorTest" time="0.0"/>
  <testcase name="StrongBox PASS on strongbox backing" classname="com.coldboar.coreguard.TamperEvaluatorTest" time="0.001"/>
  <testcase name="Native debugger FAIL when tracer attached" classname="com.coldboar.coreguard.TamperEvaluatorTest" time="0.002"/>
  <testcase name="Hook detection FAIL when frida gadget mapped" classname="com.coldboar.coreguard.TamperEvaluatorTest" time="0.0"/>
  <testcase name="Native debugger WARN when guard not engaged" classname="com.coldboar.coreguard.TamperEvaluatorTest" time="0.001"/>
  <testcase name="StrongBox FAIL on software backing" classname="com.coldboar.coreguard.TamperEvaluatorTest" time="0.0"/>
  <testcase name="Mount integrity PASS when no root mount" classname="com.coldboar.coreguard.TamperEvaluatorTest" time="0.0"/>
  <testcase name="Mount integrity FAIL when magisk mount present" classname="com.coldboar.coreguard.TamperEvaluatorTest" time="0.001"/>
  <testcase name="StrongBox WARN on TEE backing" classname="com.coldboar.coreguard.TamperEvaluatorTest" time="0.0"/>
  <testcase name="Memory integrity FAIL when text modified" classname="com.coldboar.coreguard.TamperEvaluatorTest" time="0.001"/>
  <testcase name="Hook detection PASS when no hook library mapped" classname="com.coldboar.coreguard.TamperEvaluatorTest" time="0.0"/>
  <testcase name="Frida FAIL when server port open" classname="com.coldboar.coreguard.TamperEvaluatorTest" time="0.0"/>
  <testcase name="Frida clean when no port and no thread" classname="com.coldboar.coreguard.TamperEvaluatorTest" time="0.0"/>
  <testcase name="Frida FAIL when injected thread present" classname="com.coldboar.coreguard.TamperEvaluatorTest" time="0.002"/>
  <system-out><![CDATA[]]></system-out>
  <system-err><![CDATA[]]></system-err>
</testsuite>
