<?xml version="1.0" encoding="UTF-8"?>
<testsuite name="com.coldboar.coreguard.GuardianScoreTest" tests="7" skipped="0" failures="0" errors="0" timestamp="2026-07-20T22:14:22" hostname="cursor" time="0.018">
  <properties/>
  <testcase name="all pass scores 100" classname="com.coldboar.coreguard.GuardianScoreTest" time="0.003"/>
  <testcase name="typical debug device scores 80" classname="com.coldboar.coreguard.GuardianScoreTest" time="0.011"/>
  <testcase name="all warn scores 50" classname="com.coldboar.coreguard.GuardianScoreTest" time="0.001"/>
  <testcase name="rank thresholds" classname="com.coldboar.coreguard.GuardianScoreTest" time="0.001"/>
  <testcase name="empty results score 0" classname="com.coldboar.coreguard.GuardianScoreTest" time="0.0"/>
  <testcase name="all fail scores 0" classname="com.coldboar.coreguard.GuardianScoreTest" time="0.001"/>
  <testcase name="mixed states are weighted equally per check" classname="com.coldboar.coreguard.GuardianScoreTest" time="0.0"/>
  <system-out><![CDATA[]]></system-out>
  <system-err><![CDATA[]]></system-err>
</testsuite>
