<?xml version="1.0" encoding="UTF-8"?>
<testsuite name="com.coldboar.coreguard.CipherPayloadTest" tests="5" skipped="0" failures="0" errors="0" timestamp="2026-07-20T23:49:32" hostname="cursor" time="0.013">
  <properties/>
  <testcase name="unpack rejects empty payload" classname="com.coldboar.coreguard.CipherPayloadTest" time="0.003"/>
  <testcase name="pack rejects oversized iv" classname="com.coldboar.coreguard.CipherPayloadTest" time="0.001"/>
  <testcase name="packed layout stores iv length in first byte" classname="com.coldboar.coreguard.CipherPayloadTest" time="0.0"/>
  <testcase name="unpack rejects truncated payload" classname="com.coldboar.coreguard.CipherPayloadTest" time="0.001"/>
  <testcase name="pack then unpack round-trips iv and ciphertext" classname="com.coldboar.coreguard.CipherPayloadTest" time="0.008"/>
  <system-out><![CDATA[]]></system-out>
  <system-err><![CDATA[]]></system-err>
</testsuite>
